Aug 27 13:44 : config: inotify: auto_update was disabled. enable during compilation phase
Aug 27 13:44 : config: option 'enabled' on line 20 was not recognized
Aug 27 13:44 : update: added iTunes/iTunes Media/Music/Ankit Tiwari/Tanu Weds Manu Returns @ fmw11.com/03 Mat Ja Re.mp3
Aug 27 13:44 : update: added iTunes/iTunes Media/Music/Arjit Singh/Dilwale  @ fmw11.com/Gerua.mp3
Aug 27 13:44 : update: added iTunes/iTunes Media/Music/Asha Bhosle/Revival - Jaie Aap Kahan Jayenge/01 Jaiye Aap Kahan Jayenge (Mere Sanam) - www.Songs.pk.mp3
Aug 27 13:44 : update: added iTunes/iTunes Media/Music/Chirantan Bhatt/Soulful Voice - Arijit Singh [Songs.PK]/04 Uska Hi Banana - www.Songs.PK.mp3
Aug 27 13:44 : update: added iTunes/iTunes Media/Music/Coke Studio @ MTV/Coke Studio @ MTV Vol.1/2-02 Chitthiye (Henna) - www.Songs.PK.mp3
Aug 27 13:44 : update: added iTunes/iTunes Media/Music/Coke Studio @ MTV/Coke Studio @ MTV Vol.1/2-03 Tu Mane Ya Na Mane - www.Songs.PK.mp3
Aug 27 13:44 : update: added iTunes/iTunes Media/Music/Coke Studio @ MTV/Coke Studio @ MTV Vol.1/2-04 Bichua (Madhumati) - www.Songs.PK.mp3
Aug 27 13:44 : update: added iTunes/iTunes Media/Music/Coke Studio @ MTV/Coke Studio @ MTV Vol.1/3-01 Piya Ghar Aavenge - www.Songs.PK.mp3
Aug 27 13:44 : update: added iTunes/iTunes Media/Music/Coke Studio @ MTV/Coke Studio @ MTV Vol.1/3-03 Dilruba - www.Songs.PK.mp3
Aug 27 13:44 : update: added iTunes/iTunes Media/Music/Coke Studio @ MTV/Coke Studio @ MTV Vol.1/3-06 Vethalai - www.Songs.PK.mp3
Aug 27 13:44 : update: added iTunes/iTunes Media/Music/Coke Studio @ MTV/Coke Studio @ MTV Vol.2/1-03 Jogi - www.Songs.PK.mp3
Aug 27 13:44 : update: added iTunes/iTunes Media/Music/Coke Studio @ MTV/Coke Studio @ MTV Vol.2/1-04 Aao Na Gale Lagao Na - www.Songs.PK.mp3
Aug 27 13:44 : update: added iTunes/iTunes Media/Music/Coke Studio @ MTV/Coke Studio @ MTV Vol.2/3-15 Tu Aashiqui Hai - www.Songs.PK.mp3
Aug 27 13:44 : ffmpeg/mov,mp4,m4a,3gp,3g2,mj2: stream 0, timescale not set
Aug 27 13:44 : update: added iTunes/iTunes Media/Music/Compilations/iTunes Holiday Sampler/04 Carol of the Bells _ Jingle Bells.m4a
Aug 27 13:44 : ffmpeg/mov,mp4,m4a,3gp,3g2,mj2: stream 0, timescale not set
Aug 27 13:44 : update: added iTunes/iTunes Media/Music/Compilations/Sleepless In Seattle (Original Motion Picture Soundtrack)/01 As Time Goes By.m4a
Aug 27 13:44 : ffmpeg/mov,mp4,m4a,3gp,3g2,mj2: stream 0, timescale not set
Aug 27 13:44 : update: added iTunes/iTunes Media/Music/Compilations/Sleepless In Seattle (Original Motion Picture Soundtrack)/02 A Kiss to Build a Dream On.m4a
Aug 27 13:44 : ffmpeg/mov,mp4,m4a,3gp,3g2,mj2: stream 0, timescale not set
Aug 27 13:44 : update: added iTunes/iTunes Media/Music/Compilations/Sleepless In Seattle (Original Motion Picture Soundtrack)/03 Stardust.m4a
Aug 27 13:44 : ffmpeg/mov,mp4,m4a,3gp,3g2,mj2: stream 0, timescale not set
Aug 27 13:44 : update: added iTunes/iTunes Media/Music/Compilations/Sleepless In Seattle (Original Motion Picture Soundtrack)/04 Makin' Whoopie.m4a
Aug 27 13:44 : ffmpeg/mov,mp4,m4a,3gp,3g2,mj2: stream 0, timescale not set
Aug 27 13:44 : update: added iTunes/iTunes Media/Music/Compilations/Sleepless In Seattle (Original Motion Picture Soundtrack)/05 In the Wee Small Hours of the Morning.m4a
Aug 27 13:44 : ffmpeg/mov,mp4,m4a,3gp,3g2,mj2: stream 0, timescale not set
Aug 27 13:44 : update: added iTunes/iTunes Media/Music/Compilations/Sleepless In Seattle (Original Motion Picture Soundtrack)/06 Back In the Saddle Again.m4a
Aug 27 13:44 : ffmpeg/mov,mp4,m4a,3gp,3g2,mj2: stream 0, timescale not set
Aug 27 13:44 : update: added iTunes/iTunes Media/Music/Compilations/Sleepless In Seattle (Original Motion Picture Soundtrack)/07 Bye Bye Blackbird.m4a
Aug 27 13:44 : ffmpeg/mov,mp4,m4a,3gp,3g2,mj2: stream 0, timescale not set
Aug 27 13:44 : update: added iTunes/iTunes Media/Music/Compilations/Sleepless In Seattle (Original Motion Picture Soundtrack)/08 A Wink and a Smile.m4a
Aug 27 13:44 : ffmpeg/mov,mp4,m4a,3gp,3g2,mj2: stream 0, timescale not set
Aug 27 13:44 : update: added iTunes/iTunes Media/Music/Compilations/Sleepless In Seattle (Original Motion Picture Soundtrack)/09 Stand By Your Man.m4a
Aug 27 13:44 : ffmpeg/mov,mp4,m4a,3gp,3g2,mj2: stream 0, timescale not set
Aug 27 13:44 : update: added iTunes/iTunes Media/Music/Compilations/Sleepless In Seattle (Original Motion Picture Soundtrack)/10 An Affair to Remember.m4a
Aug 27 13:44 : ffmpeg/mov,mp4,m4a,3gp,3g2,mj2: stream 0, timescale not set
Aug 27 13:44 : update: added iTunes/iTunes Media/Music/Compilations/Sleepless In Seattle (Original Motion Picture Soundtrack)/11 Make Someone Happy.m4a
Aug 27 13:44 : ffmpeg/mov,mp4,m4a,3gp,3g2,mj2: stream 0, timescale not set
Aug 27 13:44 : update: added iTunes/iTunes Media/Music/Compilations/Sleepless In Seattle (Original Motion Picture Soundtrack)/12 When I Fall In Love.m4a
Aug 27 13:44 : ffmpeg/mp3: Estimating duration from bitrate, this may be inaccurate
Aug 27 13:44 : update: added iTunes/iTunes Media/Music/Guide @ Papuyaar.com/Guide - www.songs.pk/01 Aaj Phir Jeene Ki - www.songs.pk.mp3
Aug 27 13:44 : ffmpeg/mp3: Estimating duration from bitrate, this may be inaccurate
Aug 27 13:44 : update: added iTunes/iTunes Media/Music/Guide @ Papuyaar.com/Guide - www.songs.pk/02 Din Dhal Jaye - www.songs.pk.mp3
Aug 27 13:44 : ffmpeg/mp3: Estimating duration from bitrate, this may be inaccurate
Aug 27 13:44 : update: added iTunes/iTunes Media/Music/Guide @ Papuyaar.com/Guide - www.songs.pk/03 Gaata Rahe Mera Dil - www.songs.pk.mp3
Aug 27 13:44 : ffmpeg/mp3: Estimating duration from bitrate, this may be inaccurate
Aug 27 13:44 : update: added iTunes/iTunes Media/Music/Guide @ Papuyaar.com/Guide - www.songs.pk/05 Piya Tose Naina - www.songs.pk.mp3
Aug 27 13:44 : ffmpeg/mp3: Estimating duration from bitrate, this may be inaccurate
Aug 27 13:44 : update: added iTunes/iTunes Media/Music/Guide @ Papuyaar.com/Guide - www.songs.pk/06 Saiyan Beimaan - www.songs.pk.mp3
Aug 27 13:44 : update: added iTunes/iTunes Media/Music/Jab Tak Hai Jaan/Jab Tak Hai Jaan/02 Saans - www.Songs.PK.mp3
Aug 27 13:44 : update: added iTunes/iTunes Media/Music/Jab Tak Hai Jaan/Jab Tak Hai Jaan/04 Heer - www.Songs.PK.mp3
Aug 27 13:44 : update: added iTunes/iTunes Media/Music/Jab Tak Hai Jaan/Jab Tak Hai Jaan/07 Saans (Reprise) - www.Songs.PK.mp3
Aug 27 13:44 : update: added iTunes/iTunes Media/Music/Jab Tak Hai Jaan/Songs.pk - Song Of The Day/18 Jiya Re (Jab Tak Hai Jaan) - www.Songs.PK.mp3
Aug 27 13:44 : update: added iTunes/iTunes Media/Music/Javed Ali/Wazir @ fmw11.com/03 Maula.mp3
Aug 27 13:44 : ffmpeg/mov,mp4,m4a,3gp,3g2,mj2: stream 0, timescale not set
Aug 27 13:44 : update: added iTunes/iTunes Media/Music/John Legend/Love in the Future (Deluxe Edition)/All of Me.m4a
Aug 27 13:44 : update: added iTunes/iTunes Media/Music/Kailash Kher/Bollywood Recall - Kailash Kher/01 Ya Rabba.mp3
Aug 27 13:44 : update: added iTunes/iTunes Media/Music/Kailash Kher/Kailasa/04 Jana Jogi de Naal.mp3
Aug 27 13:44 : update: added iTunes/iTunes Media/Music/Kalpana Gandharv/Tanu Weds Manu Returns @ fmw11.com/06 Old School Girl (Haryanvi).mp3
Aug 27 13:44 : update: added iTunes/iTunes Media/Music/Krsna/Tanu Weds Manu @ fmw11.com/07 Rangrez.mp3
Aug 27 13:44 : update: added iTunes/iTunes Media/Music/Lata Mangeshkar_Kishore Kumar/Ghar - www.songs.pk/03 Aapki Aakhon Mein - www.songs.pk.mp3
Aug 27 13:44 : update: added iTunes/iTunes Media/Music/Laxmikant Kudalkar, Pyarelal, Arko/Hate Story 2 (2014)/01 Aaj Phir - Songspk.name.mp3
Aug 27 13:44 : update: added iTunes/iTunes Media/Music/Mika/Tanu Weds Manu @ fmw11.com/06 Jugni.mp3
Aug 27 13:44 : update: added iTunes/iTunes Media/Music/Music_ Manish Paul _ Hanif Shaikh/Soulful Voice - Arijit Singh [Songs.PK]/12 Tose Naina - Songs.PK.mp3
Aug 27 13:44 : update: added iTunes/iTunes Media/Music/Music_ Yo Yo Honey Singh _ Songspk.name/The Shaukeens - Singles/03 Manali Trance - Songspk.name.mp3
Aug 27 13:44 : update: added iTunes/iTunes Media/Music/Pritam/Cocktail/07 Jugni - www.Songs.PK.mp3
Aug 27 13:44 : update: added iTunes/iTunes Media/Music/Pritam/Soulful Voice - Arijit Singh [Songs.PK]/10 Main Rang Sharbaton Ka (Reprise Version) - www.Songs.PK.mp3
Aug 27 13:44 : update: added iTunes/iTunes Media/Music/Pritam/Yeh Jawaani Hai Deewani - 2013/08 Kabira - www.Songs.PK.mp3
Aug 27 13:44 : update: added iTunes/iTunes Media/Music/Puranchand Wadali & Pyare Lal Wadali/Tanu Weds Manu @ fmw11.com/04 Rangrez (Wadali Bros).mp3
Aug 27 13:44 : ffmpeg/mov,mp4,m4a,3gp,3g2,mj2: stream 0, timescale not set
Aug 27 13:44 : update: added iTunes/iTunes Media/Music/Sam Smith/In the Lonely Hour (Deluxe Version)/03 Stay With Me.m4a
Aug 27 13:44 : update: added iTunes/iTunes Media/Music/Shafqat Amanat Ali/Tanu Weds Manu @ fmw11.com/03 Piya.mp3
Aug 27 13:44 : update: added iTunes/iTunes Media/Music/Shankar-Ehsaan-Loy _ Songspk.name/Soulful Voice - Arijit Singh [Songs.PK]/16 Mast Magan - Songspk.name.mp3
Aug 27 13:44 : update: added iTunes/iTunes Media/Music/Shreya Ghoshal/Selfie With Shreya Ghoshal/01 Agar Tum Mil Jao.mp3
Aug 27 13:44 : ffmpeg/mp3: Estimating duration from bitrate, this may be inaccurate
Aug 27 13:44 : update: added iTunes/iTunes Media/Music/Sounds Of ISHA/White Mountain/01 Track 1.mp3
Aug 27 13:44 : update: added iTunes/iTunes Media/Music/Sufiaana/Sufiaana/4-05 Tere Ishq Mein - www.Songs.PK.mp3
Aug 27 13:44 : ffmpeg/mp3: Estimating duration from bitrate, this may be inaccurate
Aug 27 13:44 : update: added iTunes/iTunes Media/Music/Suruchi/Suruchi's Album/Resham_Ka_Mix.mp3
Aug 27 13:44 : ffmpeg/mov,mp4,m4a,3gp,3g2,mj2: stream 0, timescale not set
Aug 27 13:44 : update: added iTunes/iTunes Media/Music/U2/Songs of Innocence/03 California (There Is No End to Love).m4a
Aug 27 13:44 : ffmpeg/mov,mp4,m4a,3gp,3g2,mj2: stream 0, timescale not set
Aug 27 13:44 : update: added iTunes/iTunes Media/Music/U2/Songs of Innocence/04 Song for Someone.m4a
Aug 27 13:44 : ffmpeg/mov,mp4,m4a,3gp,3g2,mj2: stream 0, timescale not set
Aug 27 13:44 : update: added iTunes/iTunes Media/Music/U2/Songs of Innocence/05 Iris (Hold Me Close).m4a
Aug 27 13:44 : ffmpeg/mov,mp4,m4a,3gp,3g2,mj2: stream 0, timescale not set
Aug 27 13:44 : update: added iTunes/iTunes Media/Music/U2/Songs of Innocence/06 Volcano.m4a
Aug 27 13:44 : ffmpeg/mov,mp4,m4a,3gp,3g2,mj2: stream 0, timescale not set
Aug 27 13:44 : update: added iTunes/iTunes Media/Music/U2/Songs of Innocence/07 Raised By Wolves.m4a
Aug 27 13:44 : ffmpeg/mov,mp4,m4a,3gp,3g2,mj2: stream 0, timescale not set
Aug 27 13:44 : update: added iTunes/iTunes Media/Music/U2/Songs of Innocence/08 Cedarwood Road.m4a
Aug 27 13:44 : ffmpeg/mov,mp4,m4a,3gp,3g2,mj2: stream 0, timescale not set
Aug 27 13:44 : update: added iTunes/iTunes Media/Music/U2/Songs of Innocence/09 Sleep Like a Baby Tonight.m4a
Aug 27 13:44 : ffmpeg/mov,mp4,m4a,3gp,3g2,mj2: stream 0, timescale not set
Aug 27 13:44 : update: added iTunes/iTunes Media/Music/U2/Songs of Innocence/10 This Is Where You Can Reach Me Now.m4a
Aug 27 13:44 : ffmpeg/mp3: Estimating duration from bitrate, this may be inaccurate
Aug 27 13:44 : update: added iTunes/iTunes Media/Music/Unknown/Utsav - www.songs.pk/01 Man Kyon Behka Aadhi Raat Ko Mera Mehka.mp3
Aug 27 13:44 : ffmpeg/mp3: Estimating duration from bitrate, this may be inaccurate
Aug 27 13:44 : update: added iTunes/iTunes Media/Music/Unknown Artist/Unknown Album/+12066345313-0610-112623-238.mp3
Aug 27 13:44 : ffmpeg/mp3: Estimating duration from bitrate, this may be inaccurate
Aug 27 13:44 : update: added iTunes/iTunes Media/Music/Unknown Artist/Unknown Album/+12155315144-0125-124438-109.mp3
Aug 27 13:44 : ffmpeg/mp3: Estimating duration from bitrate, this may be inaccurate
Aug 27 13:44 : update: added iTunes/iTunes Media/Music/Unknown Artist/Unknown Album/+16466635795-0213-142508-417.mp3
Aug 27 13:44 : ffmpeg/mp3: Estimating duration from bitrate, this may be inaccurate
Aug 27 13:44 : update: added iTunes/iTunes Media/Music/Unknown Artist/Unknown Album/+16467274092-0109-114755-082.mp3
Aug 27 13:44 : update: added iTunes/iTunes Media/Music/Various Artists/David/02 Mast Kalandar - www.Songs.PK.mp3
Aug 27 13:44 : update: added iTunes/iTunes Media/Music/Various Artists/David/11 Mast Kalandar - Rock Version - www.Songs.PK.mp3
Aug 27 13:44 : update: added iTunes/iTunes Media/Music/Vishal Bhardwaj/Dedh Ishqiya/03 Jagaave Saari Raina - Songspk.name.mp3
Aug 27 13:44 : update: added iTunes/iTunes Media/Music/Vishal Bhardwaj/Haider (2014)/04 Jhelum - Songspk.name.mp3
Aug 27 13:44 : ffmpeg/mp3: Estimating duration from bitrate, this may be inaccurate
Aug 27 13:44 : update: added iTunes/iTunes Media/Music/www.Mp3pk.com/NAMAK HALAL/3.mp3
Aug 27 13:44 : ffmpeg/mp3: Estimating duration from bitrate, this may be inaccurate
Aug 27 13:44 : update: added iTunes/iTunes Media/Music/www.Songs.PK/AA GALE LAG JAA/aglj1(www.songs.pk).mp3
Aug 27 13:44 : update: added iTunes/iTunes Media/Music/www.Songs.PK/Aashiqui 2/01 Tum Hi Ho - www.Songs.PK.mp3
Aug 27 13:44 : update: added iTunes/iTunes Media/Music/www.Songs.PK/Aashiqui 2/02 Sunn Raha Hai - www.Songs.PK.mp3
Aug 27 13:44 : update: added iTunes/iTunes Media/Music/www.Songs.PK/Aashiqui 2/04 Hum Mar Jayenge - www.Songs.PK.mp3
Aug 27 13:44 : update: added iTunes/iTunes Media/Music/www.Songs.PK/Aashiqui 2/09 Sunn Raha Hai - Female - www.Songs.PK.mp3
Aug 27 13:44 : ffmpeg/mp3: Estimating duration from bitrate, this may be inaccurate
Aug 27 13:44 : update: added iTunes/iTunes Media/Music/www.Songs.PK/Hero/03 lambi judai.mp3
Aug 27 13:44 : update: added iTunes/iTunes Media/Music/www.Songs.PK/Hum Dono Rangeen/04 Main Zindagi Ka Sath Nibhata Chala - www.Songs.PK.mp3
Aug 27 13:44 : update: added iTunes/iTunes Media/Music/www.Songs.PK/Hum Dono Rangeen/06 Allah Tero Naam Ishwar Tero Naam - www.Songs.PK.mp3
Aug 27 13:44 : ffmpeg/mp3: Estimating duration from bitrate, this may be inaccurate
Aug 27 13:44 : update: added iTunes/iTunes Media/Music/www.Songs.PK/OMKARA/o saathi re.mp3
Aug 27 13:44 : ffmpeg/mp3: Estimating duration from bitrate, this may be inaccurate
Aug 27 13:44 : update: added iTunes/iTunes Media/Music/www.Songs.PK/Pakeezah/01 inhi logon ne.mp3
Aug 27 13:44 : ffmpeg/mp3: Estimating duration from bitrate, this may be inaccurate
Aug 27 13:44 : update: added iTunes/iTunes Media/Music/www.Songs.PK/Pakeezah/02 chalte chalte.mp3
Aug 27 13:44 : ffmpeg/mp3: Estimating duration from bitrate, this may be inaccurate
Aug 27 13:44 : update: added iTunes/iTunes Media/Music/www.Songs.PK/Pakeezah/03 nazariya ki mari.mp3
Aug 27 13:44 : ffmpeg/mp3: Estimating duration from bitrate, this may be inaccurate
Aug 27 13:44 : update: added iTunes/iTunes Media/Music/www.Songs.PK/Pakeezah/04 chalo dildar chalo.mp3
Aug 27 13:44 : ffmpeg/mp3: Estimating duration from bitrate, this may be inaccurate
Aug 27 13:44 : update: added iTunes/iTunes Media/Music/www.Songs.PK/Pakeezah/07 mausam hai aashqana.mp3
Aug 27 13:44 : update: added iTunes/iTunes Media/Music/www.Songs.PK/Soulful Voice - Arijit Singh [Songs.PK]/19 Raabta - www.Songs.PK.mp3
Aug 27 13:44 : update: added iTunes/iTunes Media/Music/www.Songs.PK/Umrao Jaan/01 dil cheez hai kya.mp3
Aug 27 13:44 : update: added iTunes/iTunes Media/Music/www.Songs.PK/Umrao Jaan/02 in aankhon ki masti.mp3
Aug 27 13:44 : update: added iTunes/iTunes Media/Music/www.Songs.PK/Umrao Jaan/03 jab bhi milti hai.mp3
Aug 27 13:44 : update: added iTunes/iTunes Media/Music/www.Songs.PK/Umrao Jaan/04 justaju jiski thi.mp3
Aug 27 13:44 : update: added iTunes/iTunes Media/Music/www.Songs.PK/Umrao Jaan/05 yeh kya jagah hai.mp3
Aug 27 13:44 : update: added iTunes/iTunes Media/Music/www.songs.pk - Lata/Madhumati - www.songs.pk/01 Aaja Re Pardesi - www.songs.pk.mp3
Aug 27 13:44 : update: added iTunes/iTunes Media/Music/www.songs.pk - Lata & Mukesh/Madhumati - www.songs.pk/02 Dil Tadap Tadap Ke - www.songs.pk.mp3
Aug 27 13:44 : update: added iTunes/iTunes Media/Music/Yo Yo Honey Singh/International Villager (Cocktail)/02 Angreji Beat (Cocktail) - www.Songs.PK.mp3
Aug 27 13:44 : update: added iTunes/iTunes Media/Music/Yo Yo Honey Singh, Arko Mukherjee, Hard Kaur & Vikram Nagi _ Songspk.name/The Shaukeens (2014)/03 Manali Trance - Songspk.name.mp3
Aug 27 13:48 : config: inotify: auto_update was disabled. enable during compilation phase
Aug 27 13:48 : config: option 'enabled' on line 20 was not recognized
Aug 27 13:48 : client: [0] opened from 127.0.0.1:50866
Aug 27 13:49 : client: [0] closed
Aug 27 13:50 : client: [1] opened from 127.0.0.1:50895
Aug 27 13:50 : client: [1] closed
Aug 27 13:51 : config: inotify: auto_update was disabled. enable during compilation phase
Aug 27 13:51 : config: option 'enabled' on line 20 was not recognized
Aug 27 13:51 : client: [0] opened from 127.0.0.1:50911
Aug 27 13:51 : client: [0] closed
Aug 27 13:52 : client: [1] opened from 127.0.0.1:50923
Aug 27 13:52 : update: added bClassics/04 Lekhe Pahla Pahla Pyar.mp3
Aug 27 13:52 : update: added bClassics/06 Ankhon Hi Ankhon Mein.mp3
Aug 27 13:52 : ffmpeg/mp3: Estimating duration from bitrate, this may be inaccurate
Aug 27 13:52 : update: added bClassics/5-Na tum hamen @ Fmw11.com.mp3
Aug 27 13:52 : update: added bClassics/Yaad Kiya Dil Ne @ Fmw11.com.mp3
Aug 27 13:53 : client: [1] closed
Aug 27 13:53 : client: [2] opened from 127.0.0.1:50960
Aug 27 13:53 : client: [2] closed
Aug 27 14:50 : client: [3] opened from 127.0.0.1:51680
Aug 27 14:51 : client: [3] closed
Aug 27 14:51 : config: inotify: auto_update was disabled. enable during compilation phase
Aug 27 14:51 : config: option 'enabled' on line 20 was not recognized
Aug 27 14:51 : client: [0] opened from 127.0.0.1:51687
Aug 27 14:51 : update: removing bClassics/5-Na tum hamen @ Fmw11.com.mp3
Aug 27 14:51 : update: removing bClassics/04 Lekhe Pahla Pahla Pyar.mp3
Aug 27 14:51 : update: removing bClassics/06 Ankhon Hi Ankhon Mein.mp3
Aug 27 14:51 : update: removing bClassics/Yaad Kiya Dil Ne @ Fmw11.com.mp3
Aug 27 14:51 : update: removing iTunes/iTunes Media/Music/Ankit Tiwari/Tanu Weds Manu Returns @ fmw11.com/03 Mat Ja Re.mp3
Aug 27 14:51 : update: removing iTunes/iTunes Media/Music/Arjit Singh/Dilwale  @ fmw11.com/Gerua.mp3
Aug 27 14:51 : update: removing iTunes/iTunes Media/Music/Asha Bhosle/Revival - Jaie Aap Kahan Jayenge/01 Jaiye Aap Kahan Jayenge (Mere Sanam) - www.Songs.pk.mp3
Aug 27 14:51 : update: removing iTunes/iTunes Media/Music/Chirantan Bhatt/Soulful Voice - Arijit Singh [Songs.PK]/04 Uska Hi Banana - www.Songs.PK.mp3
Aug 27 14:51 : update: removing iTunes/iTunes Media/Music/Coke Studio @ MTV/Coke Studio @ MTV Vol.1/2-02 Chitthiye (Henna) - www.Songs.PK.mp3
Aug 27 14:51 : update: removing iTunes/iTunes Media/Music/Coke Studio @ MTV/Coke Studio @ MTV Vol.1/2-03 Tu Mane Ya Na Mane - www.Songs.PK.mp3
Aug 27 14:51 : update: removing iTunes/iTunes Media/Music/Coke Studio @ MTV/Coke Studio @ MTV Vol.1/2-04 Bichua (Madhumati) - www.Songs.PK.mp3
Aug 27 14:51 : update: removing iTunes/iTunes Media/Music/Coke Studio @ MTV/Coke Studio @ MTV Vol.1/3-01 Piya Ghar Aavenge - www.Songs.PK.mp3
Aug 27 14:51 : update: removing iTunes/iTunes Media/Music/Coke Studio @ MTV/Coke Studio @ MTV Vol.1/3-03 Dilruba - www.Songs.PK.mp3
Aug 27 14:51 : update: removing iTunes/iTunes Media/Music/Coke Studio @ MTV/Coke Studio @ MTV Vol.1/3-06 Vethalai - www.Songs.PK.mp3
Aug 27 14:51 : update: removing iTunes/iTunes Media/Music/Coke Studio @ MTV/Coke Studio @ MTV Vol.2/1-03 Jogi - www.Songs.PK.mp3
Aug 27 14:51 : update: removing iTunes/iTunes Media/Music/Coke Studio @ MTV/Coke Studio @ MTV Vol.2/1-04 Aao Na Gale Lagao Na - www.Songs.PK.mp3
Aug 27 14:51 : update: removing iTunes/iTunes Media/Music/Coke Studio @ MTV/Coke Studio @ MTV Vol.2/3-15 Tu Aashiqui Hai - www.Songs.PK.mp3
Aug 27 14:51 : update: removing iTunes/iTunes Media/Music/Compilations/iTunes Holiday Sampler/04 Carol of the Bells _ Jingle Bells.m4a
Aug 27 14:51 : update: removing iTunes/iTunes Media/Music/Compilations/Sleepless In Seattle (Original Motion Picture Soundtrack)/01 As Time Goes By.m4a
Aug 27 14:51 : update: removing iTunes/iTunes Media/Music/Compilations/Sleepless In Seattle (Original Motion Picture Soundtrack)/02 A Kiss to Build a Dream On.m4a
Aug 27 14:51 : update: removing iTunes/iTunes Media/Music/Compilations/Sleepless In Seattle (Original Motion Picture Soundtrack)/03 Stardust.m4a
Aug 27 14:51 : update: removing iTunes/iTunes Media/Music/Compilations/Sleepless In Seattle (Original Motion Picture Soundtrack)/04 Makin' Whoopie.m4a
Aug 27 14:51 : update: removing iTunes/iTunes Media/Music/Compilations/Sleepless In Seattle (Original Motion Picture Soundtrack)/05 In the Wee Small Hours of the Morning.m4a
Aug 27 14:51 : update: removing iTunes/iTunes Media/Music/Compilations/Sleepless In Seattle (Original Motion Picture Soundtrack)/06 Back In the Saddle Again.m4a
Aug 27 14:51 : update: removing iTunes/iTunes Media/Music/Compilations/Sleepless In Seattle (Original Motion Picture Soundtrack)/07 Bye Bye Blackbird.m4a
Aug 27 14:51 : update: removing iTunes/iTunes Media/Music/Compilations/Sleepless In Seattle (Original Motion Picture Soundtrack)/08 A Wink and a Smile.m4a
Aug 27 14:51 : update: removing iTunes/iTunes Media/Music/Compilations/Sleepless In Seattle (Original Motion Picture Soundtrack)/09 Stand By Your Man.m4a
Aug 27 14:51 : update: removing iTunes/iTunes Media/Music/Compilations/Sleepless In Seattle (Original Motion Picture Soundtrack)/10 An Affair to Remember.m4a
Aug 27 14:51 : update: removing iTunes/iTunes Media/Music/Compilations/Sleepless In Seattle (Original Motion Picture Soundtrack)/11 Make Someone Happy.m4a
Aug 27 14:51 : update: removing iTunes/iTunes Media/Music/Compilations/Sleepless In Seattle (Original Motion Picture Soundtrack)/12 When I Fall In Love.m4a
Aug 27 14:51 : update: removing iTunes/iTunes Media/Music/Guide @ Papuyaar.com/Guide - www.songs.pk/01 Aaj Phir Jeene Ki - www.songs.pk.mp3
Aug 27 14:51 : update: removing iTunes/iTunes Media/Music/Guide @ Papuyaar.com/Guide - www.songs.pk/02 Din Dhal Jaye - www.songs.pk.mp3
Aug 27 14:51 : update: removing iTunes/iTunes Media/Music/Guide @ Papuyaar.com/Guide - www.songs.pk/03 Gaata Rahe Mera Dil - www.songs.pk.mp3
Aug 27 14:51 : update: removing iTunes/iTunes Media/Music/Guide @ Papuyaar.com/Guide - www.songs.pk/05 Piya Tose Naina - www.songs.pk.mp3
Aug 27 14:51 : update: removing iTunes/iTunes Media/Music/Guide @ Papuyaar.com/Guide - www.songs.pk/06 Saiyan Beimaan - www.songs.pk.mp3
Aug 27 14:51 : update: removing iTunes/iTunes Media/Music/Jab Tak Hai Jaan/Jab Tak Hai Jaan/02 Saans - www.Songs.PK.mp3
Aug 27 14:51 : update: removing iTunes/iTunes Media/Music/Jab Tak Hai Jaan/Jab Tak Hai Jaan/04 Heer - www.Songs.PK.mp3
Aug 27 14:51 : update: removing iTunes/iTunes Media/Music/Jab Tak Hai Jaan/Jab Tak Hai Jaan/07 Saans (Reprise) - www.Songs.PK.mp3
Aug 27 14:51 : update: removing iTunes/iTunes Media/Music/Jab Tak Hai Jaan/Songs.pk - Song Of The Day/18 Jiya Re (Jab Tak Hai Jaan) - www.Songs.PK.mp3
Aug 27 14:51 : update: removing iTunes/iTunes Media/Music/Javed Ali/Wazir @ fmw11.com/03 Maula.mp3
Aug 27 14:51 : update: removing iTunes/iTunes Media/Music/John Legend/Love in the Future (Deluxe Edition)/All of Me.m4a
Aug 27 14:51 : update: removing iTunes/iTunes Media/Music/Kailash Kher/Bollywood Recall - Kailash Kher/01 Ya Rabba.mp3
Aug 27 14:51 : update: removing iTunes/iTunes Media/Music/Kailash Kher/Kailasa/04 Jana Jogi de Naal.mp3
Aug 27 14:51 : update: removing iTunes/iTunes Media/Music/Kalpana Gandharv/Tanu Weds Manu Returns @ fmw11.com/06 Old School Girl (Haryanvi).mp3
Aug 27 14:51 : update: removing iTunes/iTunes Media/Music/Krsna/Tanu Weds Manu @ fmw11.com/07 Rangrez.mp3
Aug 27 14:51 : update: removing iTunes/iTunes Media/Music/Lata Mangeshkar_Kishore Kumar/Ghar - www.songs.pk/03 Aapki Aakhon Mein - www.songs.pk.mp3
Aug 27 14:51 : update: removing iTunes/iTunes Media/Music/Laxmikant Kudalkar, Pyarelal, Arko/Hate Story 2 (2014)/01 Aaj Phir - Songspk.name.mp3
Aug 27 14:51 : update: removing iTunes/iTunes Media/Music/Mika/Tanu Weds Manu @ fmw11.com/06 Jugni.mp3
Aug 27 14:51 : update: removing iTunes/iTunes Media/Music/Music_ Manish Paul _ Hanif Shaikh/Soulful Voice - Arijit Singh [Songs.PK]/12 Tose Naina - Songs.PK.mp3
Aug 27 14:51 : update: removing iTunes/iTunes Media/Music/Music_ Yo Yo Honey Singh _ Songspk.name/The Shaukeens - Singles/03 Manali Trance - Songspk.name.mp3
Aug 27 14:51 : update: removing iTunes/iTunes Media/Music/Pritam/Cocktail/07 Jugni - www.Songs.PK.mp3
Aug 27 14:51 : update: removing iTunes/iTunes Media/Music/Pritam/Soulful Voice - Arijit Singh [Songs.PK]/10 Main Rang Sharbaton Ka (Reprise Version) - www.Songs.PK.mp3
Aug 27 14:51 : update: removing iTunes/iTunes Media/Music/Pritam/Yeh Jawaani Hai Deewani - 2013/08 Kabira - www.Songs.PK.mp3
Aug 27 14:51 : update: removing iTunes/iTunes Media/Music/Puranchand Wadali & Pyare Lal Wadali/Tanu Weds Manu @ fmw11.com/04 Rangrez (Wadali Bros).mp3
Aug 27 14:51 : update: removing iTunes/iTunes Media/Music/Sam Smith/In the Lonely Hour (Deluxe Version)/03 Stay With Me.m4a
Aug 27 14:51 : update: removing iTunes/iTunes Media/Music/Shafqat Amanat Ali/Tanu Weds Manu @ fmw11.com/03 Piya.mp3
Aug 27 14:51 : update: removing iTunes/iTunes Media/Music/Shankar-Ehsaan-Loy _ Songspk.name/Soulful Voice - Arijit Singh [Songs.PK]/16 Mast Magan - Songspk.name.mp3
Aug 27 14:51 : update: removing iTunes/iTunes Media/Music/Shreya Ghoshal/Selfie With Shreya Ghoshal/01 Agar Tum Mil Jao.mp3
Aug 27 14:51 : update: removing iTunes/iTunes Media/Music/Sounds Of ISHA/White Mountain/01 Track 1.mp3
Aug 27 14:51 : update: removing iTunes/iTunes Media/Music/Sufiaana/Sufiaana/4-05 Tere Ishq Mein - www.Songs.PK.mp3
Aug 27 14:51 : update: removing iTunes/iTunes Media/Music/Suruchi/Suruchi's Album/Resham_Ka_Mix.mp3
Aug 27 14:51 : update: removing iTunes/iTunes Media/Music/U2/Songs of Innocence/03 California (There Is No End to Love).m4a
Aug 27 14:51 : update: removing iTunes/iTunes Media/Music/U2/Songs of Innocence/04 Song for Someone.m4a
Aug 27 14:51 : update: removing iTunes/iTunes Media/Music/U2/Songs of Innocence/05 Iris (Hold Me Close).m4a
Aug 27 14:51 : update: removing iTunes/iTunes Media/Music/U2/Songs of Innocence/06 Volcano.m4a
Aug 27 14:51 : update: removing iTunes/iTunes Media/Music/U2/Songs of Innocence/07 Raised By Wolves.m4a
Aug 27 14:51 : update: removing iTunes/iTunes Media/Music/U2/Songs of Innocence/08 Cedarwood Road.m4a
Aug 27 14:51 : update: removing iTunes/iTunes Media/Music/U2/Songs of Innocence/09 Sleep Like a Baby Tonight.m4a
Aug 27 14:51 : update: removing iTunes/iTunes Media/Music/U2/Songs of Innocence/10 This Is Where You Can Reach Me Now.m4a
Aug 27 14:51 : update: removing iTunes/iTunes Media/Music/Unknown/Utsav - www.songs.pk/01 Man Kyon Behka Aadhi Raat Ko Mera Mehka.mp3
Aug 27 14:51 : update: removing iTunes/iTunes Media/Music/Unknown Artist/Unknown Album/+12066345313-0610-112623-238.mp3
Aug 27 14:51 : update: removing iTunes/iTunes Media/Music/Unknown Artist/Unknown Album/+12155315144-0125-124438-109.mp3
Aug 27 14:51 : update: removing iTunes/iTunes Media/Music/Unknown Artist/Unknown Album/+16466635795-0213-142508-417.mp3
Aug 27 14:51 : update: removing iTunes/iTunes Media/Music/Unknown Artist/Unknown Album/+16467274092-0109-114755-082.mp3
Aug 27 14:51 : update: removing iTunes/iTunes Media/Music/Various Artists/David/02 Mast Kalandar - www.Songs.PK.mp3
Aug 27 14:51 : update: removing iTunes/iTunes Media/Music/Various Artists/David/11 Mast Kalandar - Rock Version - www.Songs.PK.mp3
Aug 27 14:51 : update: removing iTunes/iTunes Media/Music/Vishal Bhardwaj/Dedh Ishqiya/03 Jagaave Saari Raina - Songspk.name.mp3
Aug 27 14:51 : update: removing iTunes/iTunes Media/Music/Vishal Bhardwaj/Haider (2014)/04 Jhelum - Songspk.name.mp3
Aug 27 14:51 : update: removing iTunes/iTunes Media/Music/www.Mp3pk.com/NAMAK HALAL/3.mp3
Aug 27 14:51 : update: removing iTunes/iTunes Media/Music/www.Songs.PK/AA GALE LAG JAA/aglj1(www.songs.pk).mp3
Aug 27 14:51 : update: removing iTunes/iTunes Media/Music/www.Songs.PK/Aashiqui 2/01 Tum Hi Ho - www.Songs.PK.mp3
Aug 27 14:51 : update: removing iTunes/iTunes Media/Music/www.Songs.PK/Aashiqui 2/02 Sunn Raha Hai - www.Songs.PK.mp3
Aug 27 14:51 : update: removing iTunes/iTunes Media/Music/www.Songs.PK/Aashiqui 2/04 Hum Mar Jayenge - www.Songs.PK.mp3
Aug 27 14:51 : update: removing iTunes/iTunes Media/Music/www.Songs.PK/Aashiqui 2/09 Sunn Raha Hai - Female - www.Songs.PK.mp3
Aug 27 14:51 : update: removing iTunes/iTunes Media/Music/www.Songs.PK/Hero/03 lambi judai.mp3
Aug 27 14:51 : update: removing iTunes/iTunes Media/Music/www.Songs.PK/Hum Dono Rangeen/04 Main Zindagi Ka Sath Nibhata Chala - www.Songs.PK.mp3
Aug 27 14:51 : update: removing iTunes/iTunes Media/Music/www.Songs.PK/Hum Dono Rangeen/06 Allah Tero Naam Ishwar Tero Naam - www.Songs.PK.mp3
Aug 27 14:51 : update: removing iTunes/iTunes Media/Music/www.Songs.PK/OMKARA/o saathi re.mp3
Aug 27 14:51 : update: removing iTunes/iTunes Media/Music/www.Songs.PK/Pakeezah/01 inhi logon ne.mp3
Aug 27 14:51 : update: removing iTunes/iTunes Media/Music/www.Songs.PK/Pakeezah/02 chalte chalte.mp3
Aug 27 14:51 : update: removing iTunes/iTunes Media/Music/www.Songs.PK/Pakeezah/03 nazariya ki mari.mp3
Aug 27 14:51 : update: removing iTunes/iTunes Media/Music/www.Songs.PK/Pakeezah/04 chalo dildar chalo.mp3
Aug 27 14:51 : update: removing iTunes/iTunes Media/Music/www.Songs.PK/Pakeezah/07 mausam hai aashqana.mp3
Aug 27 14:51 : update: removing iTunes/iTunes Media/Music/www.Songs.PK/Soulful Voice - Arijit Singh [Songs.PK]/19 Raabta - www.Songs.PK.mp3
Aug 27 14:51 : update: removing iTunes/iTunes Media/Music/www.Songs.PK/Umrao Jaan/01 dil cheez hai kya.mp3
Aug 27 14:51 : update: removing iTunes/iTunes Media/Music/www.Songs.PK/Umrao Jaan/02 in aankhon ki masti.mp3
Aug 27 14:51 : update: removing iTunes/iTunes Media/Music/www.Songs.PK/Umrao Jaan/03 jab bhi milti hai.mp3
Aug 27 14:51 : update: removing iTunes/iTunes Media/Music/www.Songs.PK/Umrao Jaan/04 justaju jiski thi.mp3
Aug 27 14:51 : update: removing iTunes/iTunes Media/Music/www.Songs.PK/Umrao Jaan/05 yeh kya jagah hai.mp3
Aug 27 14:51 : update: removing iTunes/iTunes Media/Music/www.songs.pk - Lata/Madhumati - www.songs.pk/01 Aaja Re Pardesi - www.songs.pk.mp3
Aug 27 14:51 : update: removing iTunes/iTunes Media/Music/www.songs.pk - Lata & Mukesh/Madhumati - www.songs.pk/02 Dil Tadap Tadap Ke - www.songs.pk.mp3
Aug 27 14:51 : update: removing iTunes/iTunes Media/Music/Yo Yo Honey Singh/International Villager (Cocktail)/02 Angreji Beat (Cocktail) - www.Songs.PK.mp3
Aug 27 14:51 : update: removing iTunes/iTunes Media/Music/Yo Yo Honey Singh, Arko Mukherjee, Hard Kaur & Vikram Nagi _ Songspk.name/The Shaukeens (2014)/03 Manali Trance - Songspk.name.mp3
Aug 27 14:51 : update: added /04 Lekhe Pahla Pahla Pyar.mp3
Aug 27 14:51 : update: added /06 Ankhon Hi Ankhon Mein.mp3
Aug 27 14:51 : ffmpeg/mp3: Estimating duration from bitrate, this may be inaccurate
Aug 27 14:51 : update: added /5-Na tum hamen @ Fmw11.com.mp3
Aug 27 14:51 : update: added /Yaad Kiya Dil Ne @ Fmw11.com.mp3
Aug 27 14:51 : client: [0] closed
Aug 27 14:54 : config: inotify: auto_update was disabled. enable during compilation phase
Aug 27 14:54 : config: option 'enabled' on line 20 was not recognized
Aug 27 14:54 : client: [0] opened from 127.0.0.1:51736
Aug 27 14:55 : client: [0] closed
Aug 27 18:08 : client: [1] opened from 127.0.0.1:52356
Aug 27 18:09 : ffmpeg/mp3: Could not update timestamps for skipped samples.
Aug 27 18:11 : client: [1] closed
Aug 27 18:11 : client: [2] opened from 127.0.0.1:52390
Aug 27 18:12 : player: played "Yaad Kiya Dil Ne @ Fmw11.com.mp3"
Aug 27 18:12 : client: [2] closed
Aug 29 16:54 : config: inotify: auto_update was disabled. enable during compilation phase
Aug 29 16:54 : config: option 'enabled' on line 20 was not recognized
Aug 29 16:54 : client: [0] opened from 127.0.0.1:49502
Aug 29 17:06 : client: [0] closed
Sep 03 19:13 : config: inotify: auto_update was disabled. enable during compilation phase
Sep 03 19:13 : config: option 'enabled' on line 20 was not recognized
Sep 03 19:13 : client: [0] opened from 127.0.0.1:58291
Sep 03 19:14 : ffmpeg/mp3: Estimating duration from bitrate, this may be inaccurate
Sep 03 19:17 : player: played "5-Na tum hamen @ Fmw11.com.mp3"
Sep 04 21:57 : client: [0] closed
Sep 10 15:55 : config: inotify: auto_update was disabled. enable during compilation phase
Sep 10 15:55 : config: option 'enabled' on line 20 was not recognized
Sep 10 15:56 : client: [0] opened from 127.0.0.1:59700
Sep 10 15:56 : client: [0] closed
